<?xml version="1.0" encoding="UTF-8"?>
<!-- Generated by org.testng.reporters.JUnitReportReporter -->
<testsuite hostname="DESKTOP-FIHM0SU" failures="0" tests="7" name="patch.addteam" time="13.390" errors="0" timestamp="13 Jun 2018 13:12:35 GMT" skipped="0">
  <testcase classname="patch.addteam" name="teamadd" time="2.343"/>
  <testcase classname="patch.addteam" name="teamadd" time="1.397"/>
  <testcase classname="patch.addteam" name="teamadd" time="1.383"/>
  <testcase classname="patch.addteam" name="teamadd" time="2.441"/>
  <testcase classname="patch.addteam" name="teamadd" time="1.389"/>
  <testcase classname="patch.addteam" name="teamadd" time="1.658"/>
  <testcase classname="patch.addteam" name="teamadd" time="2.779"/>
</testsuite> <!-- patch.addteam -->
