<?xml version="1.0" encoding="UTF-8"?>
<!-- Generated by org.testng.reporters.JUnitReportReporter -->
<testsuite hostname="DESKTOP-FIHM0SU" failures="0" tests="1" name="patch.kenzenpatch" time="5.486" errors="0" timestamp="13 Jun 2018 13:12:35 GMT" skipped="0">
  <testcase classname="patch.kenzenpatch" name="login" time="5.486"/>
</testsuite> <!-- patch.kenzenpatch -->
