<?xml version="1.0" encoding="UTF-8"?>
<!-- Generated by org.testng.reporters.JUnitReportReporter -->
<testsuite hostname="DESKTOP-FIHM0SU" failures="0" tests="7" name="patch.deleteTeam" time="2.366" errors="0" timestamp="13 Jun 2018 13:12:35 GMT" skipped="0">
  <testcase classname="patch.deleteTeam" name="delete" time="0.879"/>
  <testcase classname="patch.deleteTeam" name="delete" time="0.260"/>
  <testcase classname="patch.deleteTeam" name="delete" time="0.231"/>
  <testcase classname="patch.deleteTeam" name="delete" time="0.249"/>
  <testcase classname="patch.deleteTeam" name="delete" time="0.224"/>
  <testcase classname="patch.deleteTeam" name="delete" time="0.247"/>
  <testcase classname="patch.deleteTeam" name="delete" time="0.276"/>
</testsuite> <!-- patch.deleteTeam -->
