<?xml version="1.0" encoding="UTF-8"?>
<!-- Generated by org.testng.reporters.JUnitReportReporter -->
<testsuite hostname="DESKTOP-FIHM0SU" failures="0" tests="7" name="patch.deleteTeam" time="2.306" errors="0" timestamp="14 Jun 2018 09:56:55 GMT">
  <testcase classname="patch.deleteTeam" name="delete" time="0.266"/>
  <testcase classname="patch.deleteTeam" name="delete" time="0.246"/>
  <testcase classname="patch.deleteTeam" name="delete" time="0.843"/>
  <testcase classname="patch.deleteTeam" name="delete" time="0.238"/>
  <testcase classname="patch.deleteTeam" name="delete" time="0.239"/>
  <testcase classname="patch.deleteTeam" name="delete" time="0.231"/>
  <testcase classname="patch.deleteTeam" name="delete" time="0.243"/>
</testsuite> <!-- patch.deleteTeam -->
