<?xml version="1.0" encoding="UTF-8"?>
<!-- Generated by org.testng.reporters.JUnitReportReporter -->
<testsuite hostname="DESKTOP-FIHM0SU" failures="0" tests="1" name="patch.kenzenpatch" time="6.219" errors="0" timestamp="14 Jun 2018 09:56:55 GMT">
  <testcase classname="patch.kenzenpatch" name="login" time="6.219"/>
</testsuite> <!-- patch.kenzenpatch -->
