<?xml version="1.0" encoding="UTF-8"?>
<!-- Generated by org.testng.reporters.JUnitReportReporter -->
<testsuite hostname="DESKTOP-FIHM0SU" failures="0" tests="7" name="patch.addteam" time="12.116" errors="0" timestamp="14 Jun 2018 09:56:55 GMT">
  <testcase classname="patch.addteam" name="teamadd" time="1.401"/>
  <testcase classname="patch.addteam" name="teamadd" time="1.579"/>
  <testcase classname="patch.addteam" name="teamadd" time="1.427"/>
  <testcase classname="patch.addteam" name="teamadd" time="1.386"/>
  <testcase classname="patch.addteam" name="teamadd" time="1.566"/>
  <testcase classname="patch.addteam" name="teamadd" time="2.941"/>
  <testcase classname="patch.addteam" name="teamadd" time="1.816"/>
</testsuite> <!-- patch.addteam -->
